-------------------------------------------------------------------------------
Test set: com.infoshareacademy.YourPlaygroundApplicationTests
-------------------------------------------------------------------------------
Tests run: 1, Failures: 0, Errors: 1, Skipped: 0, Time elapsed: 4.132 s <<< FAILURE! - in com.infoshareacademy.YourPlaygroundApplicationTests
contextLoads  Time elapsed: 0.001 s  <<< ERROR!
java.lang.IllegalStateException: Failed to load ApplicationContext
Caused by: org.springframework.beans.factory.BeanCreationException: Error creating bean with name 'entityManagerFactory' defined in class path resource [org/springframework/boot/autoconfigure/orm/jpa/HibernateJpaConfiguration.class]: Invocation of init method failed; nested exception is org.hibernate.boot.spi.InFlightMetadataCollector$DuplicateSecondaryTableException: Table with that name [locations] already associated with entity
Caused by: org.hibernate.boot.spi.InFlightMetadataCollector$DuplicateSecondaryTableException: Table with that name [locations] already associated with entity

